-6.965000 0.000000
-6.895000 0.000000
-6.825000 0.000000
-6.755000 0.000000
-6.685000 0.000000
-6.615000 0.000000
-6.545000 0.000000
-6.475000 0.000000
-6.405000 0.000000
-6.335000 0.000000
-6.265000 0.000000
-6.195000 0.000000
-6.125000 0.000000
-6.055000 0.000000
-5.985000 0.000000
-5.915000 0.000000
-5.845000 0.000000
-5.775000 0.000000
-5.705000 0.000000
-5.635000 0.000000
-5.565000 0.000000
-5.495000 0.000000
-5.425000 0.000000
-5.355000 0.000000
-5.285000 0.000000
-5.215000 0.000000
-5.145000 41.000000
-5.075000 618.000000
-5.005000 1595.000000
-4.935000 3027.000000
-4.865000 4513.000000
-4.795000 6145.000000
-4.725000 7764.000000
-4.655000 9622.000000
-4.585000 11285.000000
-4.515000 12811.000000
-4.445000 14625.000000
-4.375000 16175.000000
-4.305000 17643.000000
-4.235000 18242.000000
-4.165000 17072.000000
-4.095000 15625.000000
-4.025000 13878.000000
-3.955000 11557.000000
-3.885000 9579.000000
-3.815000 7364.000000
-3.745000 5788.000000
-3.675000 4409.000000
-3.605000 3332.000000
-3.535000 2578.000000
-3.465000 1974.000000
-3.395000 1507.000000
-3.325000 1035.000000
-3.255000 756.000000
-3.185000 565.000000
-3.115000 373.000000
-3.045000 283.000000
-2.975000 206.000000
-2.905000 146.000000
-2.835000 103.000000
-2.765000 70.000000
-2.695000 38.000000
-2.625000 35.000000
-2.555000 11.000000
-2.485000 12.000000
-2.415000 8.000000
-2.345000 9.000000
-2.275000 2.000000
-2.205000 3.000000
-2.135000 4.000000
-2.065000 4.000000
-1.995000 4.000000
-1.925000 8.000000
-1.855000 5.000000
-1.785000 5.000000
-1.715000 1.000000
-1.645000 5.000000
-1.575000 4.000000
-1.505000 2.000000
-1.435000 2.000000
-1.365000 2.000000
-1.295000 4.000000
-1.225000 5.000000
-1.155000 2.000000
-1.085000 3.000000
-1.015000 3.000000
-0.945000 1.000000
-0.875000 0.000000
-0.805000 0.000000
-0.735000 3.000000
-0.665000 1.000000
-0.595000 3.000000
-0.525000 1.000000
-0.455000 3.000000
-0.385000 2.000000
-0.315000 1.000000
-0.245000 2.000000
-0.175000 0.000000
-0.105000 2.000000
-0.035000 3.000000
