-6.965000 0.000000
-6.895000 0.000000
-6.825000 0.000000
-6.755000 0.000000
-6.685000 0.000000
-6.615000 0.000000
-6.545000 0.000000
-6.475000 0.000000
-6.405000 0.000000
-6.335000 0.000000
-6.265000 0.000000
-6.195000 0.000000
-6.125000 0.000000
-6.055000 0.000000
-5.985000 0.000000
-5.915000 0.000000
-5.845000 0.000000
-5.775000 0.000000
-5.705000 0.000000
-5.635000 0.000000
-5.565000 0.000000
-5.495000 0.000000
-5.425000 0.000000
-5.355000 0.000000
-5.285000 0.000000
-5.215000 0.000000
-5.145000 193.000000
-5.075000 2434.000000
-5.005000 6891.000000
-4.935000 12424.000000
-4.865000 17494.000000
-4.795000 21135.000000
-4.725000 23988.000000
-4.655000 25555.000000
-4.585000 26745.000000
-4.515000 27102.000000
-4.445000 27261.000000
-4.375000 26845.000000
-4.305000 26630.000000
-4.235000 25110.000000
-4.165000 18643.000000
-4.095000 13300.000000
-4.025000 9513.000000
-3.955000 6836.000000
-3.885000 5039.000000
-3.815000 3616.000000
-3.745000 2686.000000
-3.675000 1956.000000
-3.605000 1443.000000
-3.535000 1038.000000
-3.465000 777.000000
-3.395000 516.000000
-3.325000 319.000000
-3.255000 290.000000
-3.185000 170.000000
-3.115000 130.000000
-3.045000 101.000000
-2.975000 70.000000
-2.905000 46.000000
-2.835000 43.000000
-2.765000 26.000000
-2.695000 33.000000
-2.625000 20.000000
-2.555000 22.000000
-2.485000 16.000000
-2.415000 22.000000
-2.345000 11.000000
-2.275000 14.000000
-2.205000 13.000000
-2.135000 17.000000
-2.065000 13.000000
-1.995000 14.000000
-1.925000 12.000000
-1.855000 12.000000
-1.785000 12.000000
-1.715000 10.000000
-1.645000 20.000000
-1.575000 6.000000
-1.505000 12.000000
-1.435000 14.000000
-1.365000 10.000000
-1.295000 11.000000
-1.225000 7.000000
-1.155000 10.000000
-1.085000 7.000000
-1.015000 12.000000
-0.945000 5.000000
-0.875000 7.000000
-0.805000 10.000000
-0.735000 6.000000
-0.665000 5.000000
-0.595000 7.000000
-0.525000 9.000000
-0.455000 6.000000
-0.385000 5.000000
-0.315000 9.000000
-0.245000 13.000000
-0.175000 3.000000
-0.105000 7.000000
-0.035000 4.000000